-- The C compiler identification is GNU 11.4.0
-- The CXX compiler identification is GNU 11.4.0
-- Detecting C compiler ABI info
-- Detecting C compiler ABI info - done
-- Check for working C compiler: /usr/bin/cc - skipped
-- Detecting C compile features
-- Detecting C compile features - done
-- Detecting CXX compiler ABI info
-- Detecting CXX compiler ABI info - done
-- Check for working CXX compiler: /usr/bin/c++ - skipped
-- Detecting CXX compile features
-- Detecting CXX compile features - done
-- Found ament_cmake: 1.3.7 (/opt/ros/humble/share/ament_cmake/cmake)
-- Found Python3: /usr/bin/python3.10 (found version "3.10.12") found components: Interpreter 
-- Configuring done
-- Generating done
-- Build files have been written to: /home/ericlin/ros/ros-system/build/pathserver
[ 50%] [32mBuilding CXX object CMakeFiles/server.dir/src/disc.cpp.o[0m
In file included from [01m[K/home/ericlin/ros/ros-system/src/pathserver/src/QuadTree.h:14[m[K,
                 from [01m[K/home/ericlin/ros/ros-system/src/pathserver/src/disc.cpp:47[m[K:
[01m[K/home/ericlin/ros/ros-system/src/pathserver/src/Box.h:[m[K In member function â€˜[01m[Kvoid Box::updateStatus()[m[Kâ€™:
[01m[K/home/ericlin/ros/ros-system/src/pathserver/src/Box.h:117:61:[m[K [01;31m[Kerror: [m[Kno matching function for call to â€˜[01m[KCorner::intersectZone(Box*)[m[Kâ€™
  117 |                                         || ![01;31m[Kc->intersectZone(this)[m[K ) {
      |                                             [01;31m[K~~~~~~~~~~~~~~~~^~~~~~[m[K
In file included from [01m[K/home/ericlin/ros/ros-system/src/pathserver/src/Box.h:8[m[K,
                 from [01m[K/home/ericlin/ros/ros-system/src/pathserver/src/QuadTree.h:14[m[K,
                 from [01m[K/home/ericlin/ros/ros-system/src/pathserver/src/disc.cpp:47[m[K:
[01m[K/home/ericlin/ros/ros-system/src/pathserver/src/Corner.h:23:14:[m[K [01;36m[Knote: [m[Kcandidate: â€˜[01m[Kbool Corner::intersectZone()[m[Kâ€™
   23 |         bool [01;36m[KintersectZone[m[K();
      |              [01;36m[K^~~~~~~~~~~~~[m[K
[01m[K/home/ericlin/ros/ros-system/src/pathserver/src/Corner.h:23:14:[m[K [01;36m[Knote: [m[K  candidate expects 0 arguments, 1 provided
In file included from [01m[K/home/ericlin/ros/ros-system/src/pathserver/src/QuadTree.h:14[m[K,
                 from [01m[K/home/ericlin/ros/ros-system/src/pathserver/src/disc.cpp:47[m[K:
[01m[K/home/ericlin/ros/ros-system/src/pathserver/src/Box.h:135:59:[m[K [01;31m[Kerror: [m[Kâ€˜[01m[Kclass Wall[m[Kâ€™ has no member named â€˜[01m[KintersectZone[m[Kâ€™
  135 |                         if (distWall > outerDomain || !w->[01;31m[KintersectZone[m[K(this) )
      |                                                           [01;31m[K^~~~~~~~~~~~~[m[K
gmake[2]: *** [CMakeFiles/server.dir/build.make:76: CMakeFiles/server.dir/src/disc.cpp.o] Error 1
gmake[1]: *** [CMakeFiles/Makefile2:137: CMakeFiles/server.dir/all] Error 2
gmake: *** [Makefile:146: all] Error 2
