[0.048s] Invoking command in '/home/ericlin/ros/ros-system/build/pathserver': CMAKE_PREFIX_PATH=/opt/ros/humble /usr/bin/cmake /home/ericlin/ros/ros-system/src/pathserver -DCMAKE_INSTALL_PREFIX=/home/ericlin/ros/ros-system/install/pathserver
[0.259s] -- The C compiler identification is GNU 11.4.0
[0.905s] -- The CXX compiler identification is GNU 11.4.0
[1.405s] -- Detecting C compiler ABI info
[1.546s] -- Detecting C compiler ABI info - done
[1.553s] -- Check for working C compiler: /usr/bin/cc - skipped
[1.555s] -- Detecting C compile features
[1.555s] -- Detecting C compile features - done
[1.559s] -- Detecting CXX compiler ABI info
[1.711s] -- Detecting CXX compiler ABI info - done
[1.718s] -- Check for working CXX compiler: /usr/bin/c++ - skipped
[1.718s] -- Detecting CXX compile features
[1.718s] -- Detecting CXX compile features - done
[1.728s] -- Found ament_cmake: 1.3.7 (/opt/ros/humble/share/ament_cmake/cmake)
[1.847s] -- Found Python3: /usr/bin/python3.10 (found version "3.10.12") found components: Interpreter 
[1.970s] -- Configuring done
[1.974s] -- Generating done
[1.974s] -- Build files have been written to: /home/ericlin/ros/ros-system/build/pathserver
[1.977s] Invoked command in '/home/ericlin/ros/ros-system/build/pathserver' returned '0': CMAKE_PREFIX_PATH=/opt/ros/humble /usr/bin/cmake /home/ericlin/ros/ros-system/src/pathserver -DCMAKE_INSTALL_PREFIX=/home/ericlin/ros/ros-system/install/pathserver
[1.979s] Invoking command in '/home/ericlin/ros/ros-system/build/pathserver': CMAKE_PREFIX_PATH=/opt/ros/humble /usr/bin/cmake --build /home/ericlin/ros/ros-system/build/pathserver -- -j12 -l12
[2.003s] [ 50%] [32mBuilding CXX object CMakeFiles/server.dir/src/disc.cpp.o[0m
[2.257s] In file included from [01m[K/home/ericlin/ros/ros-system/src/pathserver/src/QuadTree.h:14[m[K,
[2.257s]                  from [01m[K/home/ericlin/ros/ros-system/src/pathserver/src/disc.cpp:47[m[K:
[2.257s] [01m[K/home/ericlin/ros/ros-system/src/pathserver/src/Box.h:[m[K In member function â€˜[01m[Kvoid Box::updateStatus()[m[Kâ€™:
[2.257s] [01m[K/home/ericlin/ros/ros-system/src/pathserver/src/Box.h:117:61:[m[K [01;31m[Kerror: [m[Kno matching function for call to â€˜[01m[KCorner::intersectZone(Box*)[m[Kâ€™
[2.257s]   117 |                                         || ![01;31m[Kc->intersectZone(this)[m[K ) {
[2.257s]       |                                             [01;31m[K~~~~~~~~~~~~~~~~^~~~~~[m[K
[2.257s] In file included from [01m[K/home/ericlin/ros/ros-system/src/pathserver/src/Box.h:8[m[K,
[2.258s]                  from [01m[K/home/ericlin/ros/ros-system/src/pathserver/src/QuadTree.h:14[m[K,
[2.258s]                  from [01m[K/home/ericlin/ros/ros-system/src/pathserver/src/disc.cpp:47[m[K:
[2.258s] [01m[K/home/ericlin/ros/ros-system/src/pathserver/src/Corner.h:23:14:[m[K [01;36m[Knote: [m[Kcandidate: â€˜[01m[Kbool Corner::intersectZone()[m[Kâ€™
[2.258s]    23 |         bool [01;36m[KintersectZone[m[K();
[2.258s]       |              [01;36m[K^~~~~~~~~~~~~[m[K
[2.258s] [01m[K/home/ericlin/ros/ros-system/src/pathserver/src/Corner.h:23:14:[m[K [01;36m[Knote: [m[K  candidate expects 0 arguments, 1 provided
[2.258s] In file included from [01m[K/home/ericlin/ros/ros-system/src/pathserver/src/QuadTree.h:14[m[K,
[2.258s]                  from [01m[K/home/ericlin/ros/ros-system/src/pathserver/src/disc.cpp:47[m[K:
[2.258s] [01m[K/home/ericlin/ros/ros-system/src/pathserver/src/Box.h:135:59:[m[K [01;31m[Kerror: [m[Kâ€˜[01m[Kclass Wall[m[Kâ€™ has no member named â€˜[01m[KintersectZone[m[Kâ€™
[2.258s]   135 |                         if (distWall > outerDomain || !w->[01;31m[KintersectZone[m[K(this) )
[2.258s]       |                                                           [01;31m[K^~~~~~~~~~~~~[m[K
[2.497s] gmake[2]: *** [CMakeFiles/server.dir/build.make:76: CMakeFiles/server.dir/src/disc.cpp.o] Error 1
[2.497s] gmake[1]: *** [CMakeFiles/Makefile2:137: CMakeFiles/server.dir/all] Error 2
[2.497s] gmake: *** [Makefile:146: all] Error 2
[2.498s] Invoked command in '/home/ericlin/ros/ros-system/build/pathserver' returned '2': CMAKE_PREFIX_PATH=/opt/ros/humble /usr/bin/cmake --build /home/ericlin/ros/ros-system/build/pathserver -- -j12 -l12
