[0.040s] Invoking command in '/home/ericlin/ros/ros-system/src/pathserver/build/pathserver': CMAKE_PREFIX_PATH=/opt/ros/humble /usr/bin/cmake --build /home/ericlin/ros/ros-system/src/pathserver/build/pathserver -- -j12 -l12
[0.053s] -- Found ament_cmake: 1.3.7 (/opt/ros/humble/share/ament_cmake/cmake)
[0.199s] -- Configuring done
[0.202s] -- Generating done
[0.203s] -- Build files have been written to: /home/ericlin/ros/ros-system/src/pathserver/build/pathserver
[0.216s] [35m[1mConsolidate compiler generated dependencies of target server[0m
[0.224s] [ 33%] [32mBuilding CXX object CMakeFiles/server.dir/src/Box.cpp.o[0m
[0.381s] [ 66%] [32m[1mLinking CXX executable server[0m
[0.529s] /usr/bin/ld: CMakeFiles/server.dir/src/disc.cpp.o: warning: relocation against `bta' in read-only section `.text._ZN6PQCmp3clEPK3BoxS2_[_ZN6PQCmp3clEPK3BoxS2_]'
[0.534s] /usr/bin/ld: CMakeFiles/server.dir/src/disc.cpp.o: in function `run()':
[0.534s] disc.cpp:(.text+0xb53): undefined reference to `Timer::Timer()'
[0.534s] /usr/bin/ld: disc.cpp:(.text+0xb5f): undefined reference to `Timer::start()'
[0.534s] /usr/bin/ld: disc.cpp:(.text+0xf8f): undefined reference to `Timer::stop()'
[0.534s] /usr/bin/ld: disc.cpp:(.text+0xfe9): undefined reference to `Timer::getElapsedTimeInMilliSec()'
[0.535s] /usr/bin/ld: disc.cpp:(.text+0x1250): undefined reference to `Timer::~Timer()'
[0.535s] /usr/bin/ld: disc.cpp:(.text+0x1274): undefined reference to `Timer::~Timer()'
[0.535s] /usr/bin/ld: CMakeFiles/server.dir/src/disc.cpp.o: in function `parseConfigFile(Box*)':
[0.535s] disc.cpp:(.text+0x149d): undefined reference to `fileProcessor(std::__cxx11::basic_string<char, std::char_traits<char>, std::allocator<char> >)'
[0.535s] /usr/bin/ld: disc.cpp:(.text+0x194d): undefined reference to `Wall::Wall(Corner*, Corner*)'
[0.535s] /usr/bin/ld: disc.cpp:(.text+0x19e6): undefined reference to `Wall::Wall(Corner*, Corner*)'
[0.536s] /usr/bin/ld: CMakeFiles/server.dir/src/disc.cpp.o: in function `Box::updateStatus()':
[0.536s] disc.cpp:(.text._ZN3Box12updateStatusEv[_ZN3Box12updateStatusEv]+0x132): undefined reference to `Corner::intersectZone()'
[0.536s] /usr/bin/ld: disc.cpp:(.text._ZN3Box12updateStatusEv[_ZN3Box12updateStatusEv]+0x208): undefined reference to `Wall::distance(double, double)'
[0.536s] /usr/bin/ld: disc.cpp:(.text._ZN3Box12updateStatusEv[_ZN3Box12updateStatusEv]+0x245): undefined reference to `Wall::intersectZone()'
[0.536s] /usr/bin/ld: CMakeFiles/server.dir/src/disc.cpp.o: in function `Box::checkChildStatus(double, double)':
[0.536s] disc.cpp:(.text._ZN3Box16checkChildStatusEdd[_ZN3Box16checkChildStatusEdd]+0x8c): undefined reference to `Wall::distance(double, double)'
[0.536s] /usr/bin/ld: disc.cpp:(.text._ZN3Box16checkChildStatusEdd[_ZN3Box16checkChildStatusEdd]+0x273): undefined reference to `Wall::isRight(double, double)'
[0.536s] /usr/bin/ld: disc.cpp:(.text._ZN3Box16checkChildStatusEdd[_ZN3Box16checkChildStatusEdd]+0x289): undefined reference to `Corner::isConvex()'
[0.536s] /usr/bin/ld: CMakeFiles/server.dir/src/disc.cpp.o: in function `PQCmp3::operator()(Box const*, Box const*)':
[0.536s] disc.cpp:(.text._ZN6PQCmp3clEPK3BoxS2_[_ZN6PQCmp3clEPK3BoxS2_]+0x21): undefined reference to `bta'
[0.536s] /usr/bin/ld: disc.cpp:(.text._ZN6PQCmp3clEPK3BoxS2_[_ZN6PQCmp3clEPK3BoxS2_]+0x3a): undefined reference to `bta'
[0.536s] /usr/bin/ld: disc.cpp:(.text._ZN6PQCmp3clEPK3BoxS2_[_ZN6PQCmp3clEPK3BoxS2_]+0x53): undefined reference to `bta'
[0.536s] /usr/bin/ld: disc.cpp:(.text._ZN6PQCmp3clEPK3BoxS2_[_ZN6PQCmp3clEPK3BoxS2_]+0x6c): undefined reference to `bta'
[0.537s] /usr/bin/ld: disc.cpp:(.text._ZN6PQCmp3clEPK3BoxS2_[_ZN6PQCmp3clEPK3BoxS2_]+0x89): undefined reference to `bta'
[0.537s] /usr/bin/ld: CMakeFiles/server.dir/src/disc.cpp.o:disc.cpp:(.text._ZN6PQCmp3clEPK3BoxS2_[_ZN6PQCmp3clEPK3BoxS2_]+0xa2): more undefined references to `bta' follow
[0.538s] /usr/bin/ld: warning: creating DT_TEXTREL in a PIE
[0.539s] collect2: error: ld returned 1 exit status
[0.540s] gmake[2]: *** [CMakeFiles/server.dir/build.make:113: server] Error 1
[0.540s] gmake[1]: *** [CMakeFiles/Makefile2:137: CMakeFiles/server.dir/all] Error 2
[0.540s] gmake: *** [Makefile:146: all] Error 2
[0.542s] Invoked command in '/home/ericlin/ros/ros-system/src/pathserver/build/pathserver' returned '2': CMAKE_PREFIX_PATH=/opt/ros/humble /usr/bin/cmake --build /home/ericlin/ros/ros-system/src/pathserver/build/pathserver -- -j12 -l12
